<?xml version="1.0" encoding="UTF-8"?>
<!-- Generated by org.testng.reporters.JUnitReportReporter -->
<testsuite hostname="Asshu" failures="0" tests="1" name="org.Manipal.base.BaseConfiguartions" time="6.872" errors="0" timestamp="2023-06-06T13:01:50 IST" skipped="0">
  <testcase classname="org.Manipal.base.BaseConfiguartions" name="getDriver" time="6.872"/>
  <system-out/>
</testsuite> <!-- org.Manipal.base.BaseConfiguartions -->
