<?xml version="1.0" encoding="UTF-8"?>
<!-- Generated by org.testng.reporters.JUnitReportReporter -->
<testsuite hostname="Asshu" failures="0" tests="2" name="org.DemoWorkShop.testCases.TestCase1" time="8.612" errors="0" timestamp="2023-06-09T13:14:56 IST" skipped="0">
  <testcase classname="org.DemoWorkShop.testCases.TestCase1" name="scenario1" time="3.849"/>
  <system-out/>
  <testcase classname="org.DemoWorkShop.testCases.TestCase1" name="scenario1" time="4.763"/>
  <system-out/>
</testsuite> <!-- org.DemoWorkShop.testCases.TestCase1 -->
