<?xml version="1.0" encoding="UTF-8"?>
<!-- Generated by org.testng.reporters.JUnitReportReporter -->
<testsuite hostname="Asshu" failures="0" tests="1" name="Grid.Class2" time="13.850" errors="0" timestamp="2023-06-08T12:41:35 IST" skipped="0">
  <testcase classname="Grid.Class2" name="scenario2" time="13.850"/>
  <system-out/>
</testsuite> <!-- Grid.Class2 -->
