<?xml version="1.0" encoding="UTF-8"?>
<!-- Generated by org.testng.reporters.JUnitReportReporter -->
<testsuite hostname="Asshu" failures="0" tests="1" name="selenium.TestNGConcepts" time="0.018" errors="0" timestamp="06 Jun 2023 05:45:26 GMT" skipped="0">
  <testcase classname="selenium.TestNGConcepts" name="testSecnario1" time="0.018"/>
</testsuite> <!-- selenium.TestNGConcepts -->
