<?xml version="1.0" encoding="UTF-8"?>
<!-- Generated by org.testng.reporters.JUnitReportReporter -->
<testsuite hostname="Asshu" failures="0" tests="1" name="org.Manipal.testCases.testCase1" time="7.295" errors="0" timestamp="2023-06-06T16:36:24 IST" skipped="0">
  <testcase classname="org.Manipal.testCases.testCase1" name="scenario1" time="7.295"/>
  <system-out/>
</testsuite> <!-- org.Manipal.testCases.testCase1 -->
