<?xml version="1.0" encoding="UTF-8"?>
<!-- Generated by org.testng.reporters.JUnitReportReporter -->
<testsuite hostname="Asshu" failures="0" tests="2" name="org.DemoWorkShop.testCases.TestCase1" time="10.528" errors="0" timestamp="09 Jun 2023 07:47:09 GMT" skipped="0">
  <testcase classname="org.DemoWorkShop.testCases.TestCase1" name="scenario1" time="6.081"/>
  <testcase classname="org.DemoWorkShop.testCases.TestCase1" name="scenario1" time="4.447"/>
</testsuite> <!-- org.DemoWorkShop.testCases.TestCase1 -->
