<?xml version="1.0" encoding="UTF-8"?>
<!-- Generated by org.testng.reporters.JUnitReportReporter -->
<testsuite hostname="Asshu" failures="0" tests="1" name="selenium.TestNGConcepts" time="0.008" errors="0" timestamp="09 Jun 2023 07:45:54 GMT" skipped="0">
  <testcase classname="selenium.TestNGConcepts" name="testSecnario1" time="0.008"/>
</testsuite> <!-- selenium.TestNGConcepts -->
